
                                    ZeBu (R)
                                 zConvertToFsdb

              Version Q-2020.03-SP1-4 for linux64 - Oct 18, 2022 

                    Copyright (c) 2002 - 2022 Synopsys, Inc.
   This software and the associated documentation are proprietary to Synopsys,
 Inc. This software may only be used in accordance with the terms and conditions
 of a written license agreement with Synopsys, Inc. All other use, reproduction,
   or distribution of this software is strictly prohibited.  Licensed Products
     communicate with Synopsys servers for the purpose of providing software
    updates, detecting software piracy and verifying that customers are using
    Licensed Products in conformity with the applicable License Key for such
  Licensed Products. Synopsys will use information gathered in connection with
    this process to deliver software updates and pursue software pirates and
                                   infringers.

 Inclusivity & Diversity - Visit SolvNetPlus to read the "Synopsys Statement on
            Inclusivity and Diversity" (Refer to article 000036315 at
                        https://solvnetplus.synopsys.com)

# zConvertToFsdb --zebu-work ../../zcui.work/zebu.work --ztdb runtime_output/fwc_dump.ztdb --fsdb fwc_dump --timescale 1ns 

# start time is Tue Apr 18 21:39:09 2023




# Build Date : Oct 18 2022 - 01:01:24
# ---------------------------System Context--------------------------- 
# Cpu        40 x bogomips - 4604.47 Intel(R) Xeon(R) CPU E5-2650 v3 @ 2.30GHz
#            Load: 0.02 0.27 0.79 2/465 5557
#            Hostname: csce-quinn-s1.engr.tamu.edu   OS: Linux 3.10.0-1160.88.1.el7.x86_64
# Memory     Total: 193183 MB Free: 185958 MB
#            Total Free including cache: 190296 MB
#            Swap cache: 0 MB Cached space: 4338 MB
#            Swap space: 4095 MB Free Swap space: 4095 MB
#            VmSize: 387 MB VmPeak: 387 MB
# Disk Space Total: 250 GB Available: 244 GB Used: 6 GB
#            Free inodes: 524257634
# Stack                                Soft Limit           Hard Limit  
#            Max stack size            8388608              unlimited            bytes     
# -------------------------------------------------------------------- 


#   step CONVERT : Opening device (U0_M0_F00)...
#   step CONVERT : Creating header...
#   step CONVERT : Converting device...
#   step CONVERT :    10% done (U0_M0_F00).
#   step CONVERT :    20% done (U0_M0_F00).
#   step CONVERT :    30% done (U0_M0_F00).
#   step CONVERT :    40% done (U0_M0_F00).
#   step CONVERT :    50% done (U0_M0_F00).
#   step CONVERT :    60% done (U0_M0_F00).
#   step CONVERT :    70% done (U0_M0_F00).
#   step CONVERT :    80% done (U0_M0_F00).
#   step CONVERT :    90% done (U0_M0_F00).
#   step CONVERT :   100% done (U0_M0_F00).
#   step CONVERT : Closing device...

#   exec summary :    0 warnings,    0 syntax errors,    0 fatal errors,    0 internal errors
#   exec summary : wall clock 0m1s, user 0m0.132s, sys 0m0.149s
#   exec summary : Total memory: 663272 kB - RSS memory: 325088 kB - Data memory: 425072 kB
#   exec summary : Successful execution

# end time is Tue Apr 18 21:39:10 2023
